<?xml version="1.0" encoding="UTF-8"?>
<testng-results skipped="0" failed="0" total="2" passed="2">
  <reporter-output>
  </reporter-output>
  <suite name="Default suite" duration-ms="5617" started-at="2021-03-18T20:56:10Z" finished-at="2021-03-18T20:56:16Z">
    <groups>
    </groups>
    <test name="Default test" duration-ms="5617" started-at="2021-03-18T20:56:10Z" finished-at="2021-03-18T20:56:16Z">
      <class name="apiautomation.APIAutomation">
        <test-method status="PASS" signature="getReq()[pri:0, instance:apiautomation.APIAutomation@146ba0ac]" name="getReq" duration-ms="5084" started-at="2021-03-19T02:26:11Z" finished-at="2021-03-19T02:26:16Z">
          <reporter-output>
          </reporter-output>
        </test-method> <!-- getReq -->
        <test-method status="PASS" signature="getSingle()[pri:0, instance:apiautomation.APIAutomation@146ba0ac]" name="getSingle" duration-ms="494" started-at="2021-03-19T02:26:16Z" finished-at="2021-03-19T02:26:16Z">
          <reporter-output>
          </reporter-output>
        </test-method> <!-- getSingle -->
      </class> <!-- apiautomation.APIAutomation -->
    </test> <!-- Default test -->
  </suite> <!-- Default suite -->
</testng-results>
